#
# There is insufficient memory for the Java Runtime Environment to continue.
# Native memory allocation (malloc) failed to allocate 1048576 bytes for AllocateHeap
# Possible reasons:
#   The system is out of physical RAM or swap space
#   The process is running with CompressedOops enabled, and the Java Heap may be blocking the growth of the native heap
# Possible solutions:
#   Reduce memory load on the system
#   Increase physical memory or swap space
#   Check if swap backing store is full
#   Decrease Java heap size (-Xmx/-Xms)
#   Decrease number of Java threads
#   Decrease Java thread stack sizes (-Xss)
#   Set larger code cache with -XX:ReservedCodeCacheSize=
#   JVM is running with Unscaled Compressed Oops mode in which the Java heap is
#     placed in the first 4GB address space. The Java Heap base address is the
#     maximum limit for the native heap growth. Please use -XX:HeapBaseMinAddress
#     to set the Java Heap base and to place the Java Heap above 4GB virtual address.
# This output file may be truncated or incomplete.
#
#  Out of Memory Error (memory/allocation.inline.hpp:61), pid=9732, tid=0x0000000000002f68
#
# JRE version:  (8.0_202-b03) (build )
# Java VM: OpenJDK 64-Bit Server VM (25.202-b03 mixed mode windows-amd64 compressed oops)
# Failed to write core dump. Minidumps are not enabled by default on client versions of Windows
#

---------------  T H R E A D  ---------------

Current thread (0x000000000270e000):  JavaThread "Unknown thread" [_thread_in_vm, id=12136, stack(0x0000000002b70000,0x0000000002c70000)]

Stack: [0x0000000002b70000,0x0000000002c70000]
[error occurred during error reporting (printing stack bounds), id 0xc0000005]

Native frames: (J=compiled Java code, j=interpreted, Vv=VM code, C=native code)


---------------  P R O C E S S  ---------------

Java Threads: ( => current thread )

Other Threads:

=>0x000000000270e000 (exited) JavaThread "Unknown thread" [_thread_in_vm, id=12136, stack(0x0000000002b70000,0x0000000002c70000)]

VM state:not at safepoint (normal execution)

VM Mutex/Monitor currently owned by a thread: None

heap address: 0x0000000080c00000, size: 2036 MB, Compressed Oops mode: 32-bit
Narrow klass base: 0x0000000000000000, Narrow klass shift: 3
Compressed class space size: 1073741824 Address: 0x0000000100000000

Heap:
 PSYoungGen      total 38400K, used 665K [0x00000000d5980000, 0x00000000d8400000, 0x0000000100000000)
  eden space 33280K, 2% used [0x00000000d5980000,0x00000000d5a26670,0x00000000d7a00000)
  from space 5120K, 0% used [0x00000000d7f00000,0x00000000d7f00000,0x00000000d8400000)
  to   space 5120K, 0% used [0x00000000d7a00000,0x00000000d7a00000,0x00000000d7f00000)
 ParOldGen       total 87552K, used 0K [0x0000000080c00000, 0x0000000086180000, 0x00000000d5980000)
  object space 87552K, 0% used [0x0000000080c00000,0x0000000080c00000,0x0000000086180000)
 Metaspace       used 778K, capacity 4480K, committed 4480K, reserved 1056768K
  class space    used 74K, capacity 384K, committed 384K, reserved 1048576K

Card table byte_map: [0x0000000012130000,0x0000000012530000] byte_map_base: 0x0000000011d2a000

Marking Bits: (ParMarkBitMap*) 0x00000000741b9f30
 Begin Bits: [0x0000000012fe0000, 0x0000000014fb0000)
 End Bits:   [0x0000000014fb0000, 0x0000000016f80000)

Polling page: 0x0000000001070000

CodeCache: size=245760Kb used=327Kb max_used=327Kb free=245432Kb
 bounds [0x0000000002d70000, 0x0000000002fe0000, 0x0000000011d70000]
 total_blobs=56 nmethods=0 adapters=38
 compilation: enabled

Compilation events (0 events):
No events

GC Heap History (0 events):
No events

Deoptimization events (0 events):
No events

Classes redefined (0 events):
No events

Internal exceptions (0 events):
No events

Events (10 events):
Event: 0.032 loading class java/lang/Short
Event: 0.032 loading class java/lang/Short done
Event: 0.032 loading class java/lang/Integer
Event: 0.032 loading class java/lang/Integer done
Event: 0.032 loading class java/lang/Long
Event: 0.032 loading class java/lang/Long done
Event: 0.033 loading class java/lang/NullPointerException
Event: 0.033 loading class java/lang/NullPointerException done
Event: 0.033 loading class java/lang/ArithmeticException
Event: 0.033 loading class java/lang/ArithmeticException done


Dynamic libraries:
0x00007ff6d4240000 - 0x00007ff6d4271000 	C:\Program Files\Android\Android Studio\jre\jre\bin\java.exe
0x00007ff933720000 - 0x00007ff933910000 	C:\WINDOWS\SYSTEM32\ntdll.dll
0x00007ff931b10000 - 0x00007ff931bc2000 	C:\WINDOWS\System32\KERNEL32.DLL
0x00007ff931270000 - 0x00007ff931513000 	C:\WINDOWS\System32\KERNELBASE.dll
0x00007ff9320f0000 - 0x00007ff932193000 	C:\WINDOWS\System32\ADVAPI32.dll
0x00007ff9327e0000 - 0x00007ff93287e000 	C:\WINDOWS\System32\msvcrt.dll
0x00007ff931bd0000 - 0x00007ff931c67000 	C:\WINDOWS\System32\sechost.dll
0x00007ff9319f0000 - 0x00007ff931b10000 	C:\WINDOWS\System32\RPCRT4.dll
0x00007ff931f50000 - 0x00007ff9320e3000 	C:\WINDOWS\System32\USER32.dll
0x00007ff9307d0000 - 0x00007ff9307f1000 	C:\WINDOWS\System32\win32u.dll
0x00007ff932390000 - 0x00007ff9323b6000 	C:\WINDOWS\System32\GDI32.dll
0x00007ff930800000 - 0x00007ff930994000 	C:\WINDOWS\System32\gdi32full.dll
0x00007ff931520000 - 0x00007ff9315be000 	C:\WINDOWS\System32\msvcp_win.dll
0x00007ff9315c0000 - 0x00007ff9316ba000 	C:\WINDOWS\System32\ucrtbase.dll
0x00007ff926660000 - 0x00007ff9268e5000 	C:\WINDOWS\WinSxS\amd64_microsoft.windows.common-controls_6595b64144ccf1df_6.0.18362.295_none_e6c3acbd13101292\COMCTL32.dll
0x00007ff9324a0000 - 0x00007ff9327d6000 	C:\WINDOWS\System32\combase.dll
0x00007ff930720000 - 0x00007ff9307a0000 	C:\WINDOWS\System32\bcryptPrimitives.dll
0x00007ff9321a0000 - 0x00007ff9321ce000 	C:\WINDOWS\System32\IMM32.DLL
0x00000000738c0000 - 0x0000000073992000 	C:\Program Files\Android\Android Studio\jre\jre\bin\msvcr100.dll
0x00000000739f0000 - 0x0000000074236000 	C:\Program Files\Android\Android Studio\jre\jre\bin\server\jvm.dll
0x00007ff9317d0000 - 0x00007ff9317d8000 	C:\WINDOWS\System32\PSAPI.DLL
0x00007ff921d20000 - 0x00007ff921d29000 	C:\WINDOWS\SYSTEM32\WSOCK32.dll
0x00007ff9321d0000 - 0x00007ff93223f000 	C:\WINDOWS\System32\WS2_32.dll
0x00007ff92e770000 - 0x00007ff92e794000 	C:\WINDOWS\SYSTEM32\WINMM.dll
0x00007ff92c960000 - 0x00007ff92c96a000 	C:\WINDOWS\SYSTEM32\VERSION.dll
0x00007ff92e740000 - 0x00007ff92e76d000 	C:\WINDOWS\SYSTEM32\winmmbase.dll
0x00007ff9306d0000 - 0x00007ff93071a000 	C:\WINDOWS\System32\cfgmgr32.dll
0x00007ff92cf50000 - 0x00007ff92cf5f000 	C:\Program Files\Android\Android Studio\jre\jre\bin\verify.dll
0x00007ff922c30000 - 0x00007ff922c59000 	C:\Program Files\Android\Android Studio\jre\jre\bin\java.dll
0x00007ff922d90000 - 0x00007ff922da6000 	C:\Program Files\Android\Android Studio\jre\jre\bin\zip.dll

VM Arguments:
java_command: org.jetbrains.git4idea.http.GitAskPassApp Username for 'https://github.com': 
java_class_path (initial): C:/Program Files/Android/Android Studio/plugins/git4idea/lib/git4idea-rt.jar;C:/Program Files/Android/Android Studio/lib/xmlrpc-2.0.1.jar;C:/Program Files/Android/Android Studio/lib/commons-codec-1.10.jar;C:/Program Files/Android/Android Studio/lib/util.jar
Launcher Type: SUN_STANDARD

Environment Variables:
JAVA_HOME=C:\Program Files\Java\jdk1.8.0_151
PATH=C:/Program Files/Git/mingw64/libexec/git-core;C:/Program Files/Git/mingw64/libexec/git-core;C:\Program Files\Git\mingw64\bin;C:\Program Files\Git\usr\bin;C:\Users\PC\bin;C:\Program Files\Java\jdk1.8.0_161\bin;C:\WINDOWS\system32;C:\WINDOWS;C:\WINDOWS\System32\Wbem;C:\WINDOWS\System32\WindowsPowerShell\v1.0\;C:\WINDOWS\System32\OpenSSH\;C:\Android;C:\Windows\System32;C:\Program Files\TortoiseSVN\bin;C:\Program Files\Git\cmd;C:\Program Files\Java\jdk1.8.0_121\bin;C:\Users\PC\AppData\Local\Microsoft\WindowsApps;C:\Program Files (x86)\SSH Communications Security\SSH Secure Shell;C:\Users\PC\AppData\Roaming\npm;C:\Users\PC\AppData\Local\GitHubDesktop\bin;%USERPROFILE%\AppData\Local\Microsoft\WindowsApps;
USERNAME=Tenshi
DISPLAY=:0.0
OS=Windows_NT
PROCESSOR_IDENTIFIER=AMD64 Family 21 Model 2 Stepping 0, AuthenticAMD



---------------  S Y S T E M  ---------------

OS: Windows 10.0 , 64 bit Build 18362 (10.0.18362.86)

CPU:total 8 (initial active 8) (8 cores per cpu, 1 threads per core) family 21 model 2 stepping 0, cmov, cx8, fxsr, mmx, sse, sse2, sse3, ssse3, sse4.1, sse4.2, popcnt, avx, aes, clmul, mmxext, 3dnowpref, lzcnt, sse4a, tsc, tscinvbit, tscinv, bmi1

Memory: 4k page, physical 8335656k(1374128k free), swap 10294568k(5944k free)

vm_info: OpenJDK 64-Bit Server VM (25.202-b03) for windows-amd64 JRE (1.8.0_202-release-1483-b03), built by "builder" with MS VC++ 10.0 (VS2010)

time: Wed Aug 28 15:02:13 2019
timezone: Eastern Daylight Time
elapsed time: 0 seconds (0d 0h 0m 0s)

